Fecha de aperturaTue Apr 05 09:37:36 CEST 2016
Fecha de aperturaTue Apr 05 09:40:51 CEST 2016
Fecha de apertura Tue Apr 05 09:43:52 CEST 2016
Fecha de apertura Tue Apr 05 09:45:19 CEST 2016
Fecha de apertura Tue Apr 05 10:24:10 CEST 2016
Opción de menú 1
Se ha creado una clase aleatoria con 5000 alumnos
Fecha de apertura Tue Apr 05 10:26:15 CEST 2016
Fecha de apertura Tue Apr 05 12:09:32 CEST 2016
Fecha de apertura Tue Apr 05 12:09:46 CEST 2016
Opción de menú 1
Se ha creado una clase aleatoria con 5 alumnos
Fecha de apertura Tue Apr 05 12:32:40 CEST 2016
Opción de menú 2
El usuario ha intentado introducir el siguiente nombre inválido: 2
Fecha de apertura Tue Apr 05 12:35:07 CEST 2016
Opción de menú 2
Fecha de apertura Tue Apr 05 12:37:25 CEST 2016
Opción de menú 2
Fecha de apertura Tue Apr 05 12:38:39 CEST 2016
Opción de menú 2
Fecha de apertura Tue Apr 05 12:40:29 CEST 2016
Opción de menú 2
El usuario ha intentado introducir el siguiente nombre inválido: Francisco Javier
Fecha de apertura Tue Apr 05 12:42:29 CEST 2016
Opción de menú 2
Fecha de apertura Thu Apr 07 12:19:57 CEST 2016
Opción de menú 1
Se ha creado una clase aleatoria con 50 alumnos
Fecha de apertura Thu Apr 07 12:43:05 CEST 2016
Fecha de apertura Thu Apr 07 12:44:25 CEST 2016
Fecha de apertura Thu Apr 07 12:46:35 CEST 2016
Opción de menú 1
Se ha creado una clase aleatoria con 50 alumnos
Fecha de apertura Mon Apr 11 12:28:52 CEST 2016
********************************************************************
Opción de menú 1
Se ha creado una clase aleatoria con 50 alumnos
El usuario ha introducido la opción válida: 1
Se ha pintado la clase alumnos
El usuario ha introducido la opción válida: 3
No se ha eliminado ningún alumno
El usuario ha introducido la opción válida: 0
Fecha de apertura Mon Apr 11 12:30:40 CEST 2016
********************************************************************
Opción de menú 1
Fecha de apertura Mon Apr 11 12:32:24 CEST 2016
********************************************************************
Opción de menú 1
Se ha creado una clase aleatoria con 50000 alumnos
El usuario ha introducido la opción válida: 0
Fecha de apertura Mon Apr 11 12:33:19 CEST 2016
********************************************************************
Opción de menú 1
Se ha creado una clase aleatoria con 100000 alumnos
Fecha de apertura Mon Apr 11 12:33:28 CEST 2016
********************************************************************
Fecha de apertura Mon Apr 11 12:34:27 CEST 2016
********************************************************************
Opción de menú 200000
Opción de menú 1
Se ha creado una clase aleatoria con 200000 alumnos
Fecha de apertura Mon Apr 11 12:34:45 CEST 2016
********************************************************************
Opción de menú 1
Se ha creado una clase aleatoria con 300000 alumnos
Fecha de apertura Mon Apr 11 12:34:52 CEST 2016
********************************************************************
Opción de menú 1
Se ha creado una clase aleatoria con 500000 alumnos
Fecha de apertura Mon Apr 11 12:35:00 CEST 2016
********************************************************************
Opción de menú 1
Se ha creado una clase aleatoria con 800000 alumnos
Fecha de apertura Mon Apr 11 12:35:11 CEST 2016
********************************************************************
Opción de menú 1
Se ha creado una clase aleatoria con 1000000 alumnos
Fecha de apertura Mon Apr 11 12:35:21 CEST 2016
********************************************************************
Opción de menú 1
Se ha creado una clase aleatoria con 2000000 alumnos
Fecha de apertura Mon Apr 11 12:35:29 CEST 2016
********************************************************************
Opción de menú 1
Se ha creado una clase aleatoria con 5000000 alumnos
Fecha de apertura Mon Apr 11 12:35:36 CEST 2016
********************************************************************
Opción de menú 1
Se ha creado una clase aleatoria con 10000000 alumnos
Fecha de apertura Mon Apr 11 12:36:09 CEST 2016
********************************************************************
Opción de menú 1
Se ha creado una clase aleatoria con 50000000 alumnos
Fecha de apertura Mon Apr 11 12:36:19 CEST 2016
********************************************************************
Opción de menú 1
Se ha creado una clase aleatoria con 500000000 alumnos
Fecha de apertura Tue Apr 12 12:56:17 CEST 2016
********************************************************************
Opción de menú 1
Se ha creado una clase aleatoria con 50 alumnos
El usuario ha introducido la opción válida: 0
Fecha de apertura Tue Apr 12 13:05:54 CEST 2016
********************************************************************
Opción de menú 1
Se ha creado una clase aleatoria con 50 alumnos
El usuario ha introducido la opción válida: 0
Fecha de apertura Tue Apr 12 13:12:51 CEST 2016
********************************************************************
Opción de menú 1
Se ha creado una clase aleatoria con 100 alumnos
El usuario ha introducido la opción válida: 0
Fecha de apertura Fri Apr 15 02:23:06 CEST 2016
********************************************************************
Opción de menú 1
Se ha creado una clase aleatoria con 50 alumnos
El usuario ha introducido la opción válida: 0
Fecha de apertura Fri Apr 15 02:31:03 CEST 2016
********************************************************************
Opción de menú 0
Fecha de apertura Fri Apr 15 02:47:33 CEST 2016
********************************************************************
Opción de menú 1
Se ha creado una clase aleatoria con 50 alumnos
El usuario ha introducido la opción válida: 0
Fecha de apertura Fri Apr 15 20:52:32 CEST 2016
********************************************************************
Opción de menú 0
Fecha de apertura Fri Apr 15 20:53:12 CEST 2016
********************************************************************
Opción de menú 1
Se ha creado una clase aleatoria con 50 alumnos
El usuario ha introducido la opción válida: 0
Fecha de apertura Fri Apr 15 20:59:29 CEST 2016
********************************************************************
Opción de menú 1
Se ha creado una clase aleatoria con 50 alumnos
El usuario ha introducido la opción válida: 0
Fecha de apertura Fri Apr 15 21:11:40 CEST 2016
********************************************************************
Opción de menú 1
Se ha creado una clase aleatoria con 50 alumnos
El usuario ha introducido la opción válida: 0
Fecha de apertura Fri Apr 15 21:13:11 CEST 2016
********************************************************************
Opción de menú 1
Se ha creado una clase aleatoria con 50 alumnos
El usuario ha introducido la opción válida: 0
Fecha de apertura Fri Apr 15 21:14:39 CEST 2016
********************************************************************
Opción de menú 1
Se ha creado una clase aleatoria con 50 alumnos
El usuario ha introducido la opción válida: 0
Fecha de apertura Fri Apr 15 21:15:31 CEST 2016
********************************************************************
Opción de menú 1
Se ha creado una clase aleatoria con 50 alumnos
El usuario ha introducido la opción válida: 0
Fecha de apertura Fri Apr 15 21:16:47 CEST 2016
********************************************************************
Opción de menú 1
Se ha creado una clase aleatoria con 50 alumnos
El usuario ha introducido la opción válida: 0
Fecha de apertura Fri Apr 15 21:17:06 CEST 2016
********************************************************************
Opción de menú 1
Se ha creado una clase aleatoria con 50 alumnos
El usuario ha introducido la opción válida: 0
Fecha de apertura Fri Apr 15 22:29:53 CEST 2016
********************************************************************
Opción de menú 1
Se ha creado una clase aleatoria con 50 alumnos
El usuario ha introducido la opción válida: 0
Fecha de apertura Fri Apr 15 22:33:57 CEST 2016
********************************************************************
Opción de menú 1
Se ha creado una clase aleatoria con 50 alumnos
El usuario ha introducido la opción válida: 0
Fecha de apertura Sun Apr 17 03:16:51 CEST 2016
********************************************************************
Opción de menú 1
Se ha creado una clase aleatoria con 50 alumnos
El usuario ha introducido la opción válida: 8
El usuario ha introducido la opción válida: 0
Fecha de apertura Sun Apr 17 03:17:33 CEST 2016
********************************************************************
Opción de menú 1
Se ha creado una clase aleatoria con 50 alumnos
El usuario ha introducido la opción válida: 0
Fecha de apertura Sun Apr 17 03:19:31 CEST 2016
********************************************************************
Opción de menú 1
Se ha creado una clase aleatoria con 50 alumnos
El usuario ha introducido la opción válida: 0
Fecha de apertura Sun Apr 17 03:19:40 CEST 2016
********************************************************************
Opción de menú 1
Se ha creado una clase aleatoria con 50 alumnos
El usuario ha introducido la opción válida: 0
Fecha de apertura Sun Apr 17 03:21:17 CEST 2016
********************************************************************
Opción de menú 1
Se ha creado una clase aleatoria con 50 alumnos
El usuario ha introducido la opción válida: 8
El usuario ha introducido la opción válida: 0
Fecha de apertura Sun Apr 17 03:24:45 CEST 2016
********************************************************************
Opción de menú 1
Se ha creado una clase aleatoria con 50 alumnos
El usuario ha introducido la opción válida: 0
Fecha de apertura Sun Apr 17 03:27:44 CEST 2016
********************************************************************
Opción de menú 1
Se ha creado una clase aleatoria con 50 alumnos
El usuario ha introducido la opción válida: 1
Fecha de apertura Sun Apr 17 03:29:18 CEST 2016
********************************************************************
Opción de menú 1
Se ha creado una clase aleatoria con 50 alumnos
Fecha de apertura Sun Apr 17 03:32:28 CEST 2016
********************************************************************
Opción de menú 1
Se ha creado una clase aleatoria con 50 alumnos
El usuario ha introducido la opción válida: 0
Fecha de apertura Sun Apr 17 03:34:08 CEST 2016
********************************************************************
Opción de menú 1
Se ha creado una clase aleatoria con 50 alumnos
El usuario ha introducido la opción válida: 0
Fecha de apertura Sun Apr 17 03:34:31 CEST 2016
********************************************************************
Opción de menú 1
Se ha creado una clase aleatoria con 50 alumnos
Fecha de apertura Sun Apr 17 03:38:15 CEST 2016
********************************************************************
Opción de menú 1
Se ha creado una clase aleatoria con 50 alumnos
El usuario ha introducido la opción válida: 0
Fecha de apertura Sun Apr 17 03:39:13 CEST 2016
********************************************************************
Opción de menú 1
Se ha creado una clase aleatoria con 50 alumnos
Fecha de apertura Sun Apr 17 03:41:17 CEST 2016
********************************************************************
Opción de menú 1
Se ha creado una clase aleatoria con 50 alumnos
Fecha de apertura Sun Apr 17 03:44:16 CEST 2016
********************************************************************
Opción de menú 1
Se ha creado una clase aleatoria con 50 alumnos
El usuario ha introducido la opción válida: 8
El usuario ha introducido la opción válida: 0
Fecha de apertura Sun Apr 17 03:52:16 CEST 2016
********************************************************************
Opción de menú 1
Se ha creado una clase aleatoria con 50 alumnos
El usuario ha introducido la opción válida: 0
Fecha de apertura Sun Apr 17 04:03:46 CEST 2016
********************************************************************
Opción de menú 1
Se ha creado una clase aleatoria con 50 alumnos
El usuario ha introducido la opción válida: 1
Se ha pintado la clase alumnos
El usuario ha introducido la opción válida: 3
No se ha eliminado ningún alumno
El usuario ha introducido la opción válida: 1
Se ha pintado la clase alumnos
El usuario ha introducido la opción válida: 0
Fecha de apertura Sun Apr 17 05:40:21 CEST 2016
********************************************************************
Opción de menú 1
Se ha creado una clase aleatoria con 10 alumnos
El usuario ha introducido la opción válida: 1
Se ha pintado la clase alumnos
El usuario ha introducido la opción válida: 0
Fecha de apertura Sun Apr 17 06:01:59 CEST 2016
********************************************************************
Opción de menú 1
Se ha creado una clase aleatoria con 10 alumnos
El usuario ha introducido la opción válida: 0
