Fecha de apertura Tue Apr 19 12:46:10 CEST 2016
********************************************************************
Opción de menú 1
Se ha creado una clase aleatoria con 10 alumnos
El usuario ha introducido la opción válida: 0
Fecha de apertura Tue Apr 19 12:51:39 CEST 2016
********************************************************************
Opción de menú 1
Se ha creado una clase aleatoria con 10 alumnos
El usuario ha introducido la opción válida: 0
Fecha de apertura Fri May 06 10:13:26 CEST 2016
********************************************************************
Fecha de apertura Sun May 08 22:33:39 CEST 2016
********************************************************************
Opciï¿½n de menï¿½ 1
Se ha creado una clase aleatoria con 10 alumnos
El usuario ha introducido la opciï¿½n vï¿½lida: 0
Fecha de apertura Sun May 08 22:34:51 CEST 2016
********************************************************************
Opciï¿½n de menï¿½ 1
Se ha creado una clase aleatoria con 10 alumnos
El usuario ha introducido la opciï¿½n vï¿½lida: 1
Se ha pintado la clase alumnos
El usuario ha introducido la opciï¿½n vï¿½lida: 0
Fecha de apertura Sun May 08 22:36:11 CEST 2016
********************************************************************
Opciï¿½n de menï¿½ 1
Se ha creado una clase aleatoria con 10 alumnos
El usuario ha introducido la opciï¿½n vï¿½lida: 1
Se ha pintado la clase alumnos
Fecha de apertura Sun May 08 22:38:03 CEST 2016
********************************************************************
Opciï¿½n de menï¿½ 1
Se ha creado una clase aleatoria con 10 alumnos
El usuario ha introducido la opciï¿½n vï¿½lida: 1
Se ha pintado la clase alumnos
El usuario ha introducido la opciï¿½n vï¿½lida: 0
Fecha de apertura Sun May 08 22:40:51 CEST 2016
********************************************************************
Opciï¿½n de menï¿½ 1
Se ha creado una clase aleatoria con 10 alumnos
Fecha de apertura Mon May 09 00:18:29 CEST 2016
********************************************************************
